<?xml version="1.0" encoding="UTF-8"?>
<testsuite name="InfectedTest" tests="1" skipped="0" failures="0" errors="0" timestamp="2022-10-14T08:17:06" hostname="DESKTOP-78TB8B0" time="0.001">
  <properties/>
  <testcase name="Test2" classname="InfectedTest" time="0.001"/>
  <system-out><![CDATA[]]></system-out>
  <system-err><![CDATA[]]></system-err>
</testsuite>
